<?xml version="1.0" encoding="UTF-8"?>
<?xml-model href="http://www.tei-c.org/release/xml/tei/custom/schema/relaxng/tei_all.rng" type="application/xml" schematypens="http://relaxng.org/ns/structure/1.0"?><?xml-model href="http://www.tei-c.org/release/xml/tei/custom/schema/relaxng/tei_all.rng" type="application/xml"
	schematypens="http://purl.oclc.org/dsdl/schematron"?>
<TEI xmlns="http://www.tei-c.org/ns/1.0">
    <teiHeader mode="ignore">
        <fileDesc>
            <titleStmt>
                <title>Title</title>
            </titleStmt>
            <publicationStmt>
                <p>Publication Information</p>
            </publicationStmt>
            <sourceDesc>
                <p>Information about the source</p>
            </sourceDesc>
        </fileDesc>
    </teiHeader>
    <text>
        <body>
            <head>
                <w>Das</w>
                <seg type="ws"/>
                <fw type="catch" mode="ignore">Kustode</fw>
                <pb mode="inline"/>
                <fw mode="ignore">Kolumnentitel</fw>
                <w>ist</w>
                <seg type="ws"/>
                <w>die</w>
                <seg type="ws"/>
                <w>Über</w>
                <hi mode="inline">
                    <w>schr</w>
                </hi>
                <w>ift</w>
                <pc>.</pc>
            </head>
            <p>
                <w>Mit</w>
                <seg type="ws"/>
                <w>oder</w>
                <seg type="ws"/>
                <w>ohne</w>
                <seg type="ws"/>
                <w>Zeilen</w>
                <lb type="s" break="no" mode="inline"/>
                <w>umbrüchen</w>
            </p>
            <p>
                <w>Ein</w>
                <seg type="ws"/>
                <hi mode="inline">
                    <w>kleiner</w>
                    <seg type="ws"/>
                </hi>
                <w>Absatz</w>
                <pc>.</pc>
            </p>
            <p>
                <w>Some</w>
                <seg type="ws"/>
                <lb/>
                <w>quite</w>
                <lb/>
                <w>longtext</w>
                <lb/>
                <w>here</w>
                <pc>.</pc>
            </p>
            <p>
                <w>Hier</w>
                <seg type="ws"/>
                <w>ein</w>
                <seg type="ws"/>
                <w>paar</w>
                <seg type="ws"/>
                <w>in</w>
                <hi mode="inline">
                    <w>li</w>
                </hi>
                <w>ne-</w>
                <seg mode="inline">
                    <w>Elemente</w>
                </seg>
                <pc>.</pc>
            </p>
            <p>
                <hi mode="inline">
                    <w>ACDH</w>
                </hi>
                <w>-</w>
                <hi mode="inline">
                    <hi mode="inline">
                        <w>O</w>
                    </hi>
                    <w>EAW</w>
                </hi>
            </p>
            <p>
                <w>Und</w>
                <seg type="ws"/>
                <hi mode="inline">
                    <w>kleine</w>
                    <seg type="ws"/>
                    <w>Abkürzungen</w>
                </hi>
                <pc>:</pc>
                <seg type="ws"/>
                <w>Am</w>
                <seg type="ws"/>
                <hi mode="inline">
                    <w>Haupt</w>
                </hi>
                <w>bhf</w>
                <pc>.</pc>
                <seg type="ws"/>
                <w>fährt</w>
                <seg type="ws"/>
                <hi mode="inline">
                    <w>man</w>
                </hi>
                <seg type="ws"/>
                <w>von</w>
                <seg type="ws"/>
                <hi mode="inline">
                    <w>O-</w>
                </hi>
                <w>W</w>
                <pc>.</pc>
            </p>
            <p>
                <w>Und</w>
                <seg type="ws"/>
                <w>da</w>
                <seg type="ws"/>
                <w>noch</w>
                <seg type="ws"/>
                <w>einer</w>
                <pc>,</pc>
                <seg type="ws"/>
                <lb/>
                <w>der</w>
                <seg type="ws"/>
                <w>von</w>
                <seg type="ws"/>
                <w>einer</w>
                <seg type="ws"/>
                <lb/>
                <w>Gra</w>
                <lb break="no" mode="inline"/>
                <figure mode="float">
                    <p>
                        <w>Das</w>
                        <seg type="ws"/>
                        <w>ist</w>
                        <seg type="ws"/>
                        <w>ein</w>
                        <seg type="ws"/>
                        <w>Text</w>
                        <lb break="no" mode="inline"/>
                        <w>baustein</w>
                        <pc>,</pc>
                        <seg type="ws"/>
                        <w>der</w>
                        <seg type="ws"/>
                        <w>tokenisiert</w>
                        <seg type="ws"/>
                        <w>werden</w>
                        <seg type="ws"/>
                        <w>soll</w>
                        <pc>.</pc>
                    </p>
                </figure>
                <w>fik</w>
                <seg type="ws"/>
                <w>unterbrochen</w>
                <seg type="ws"/>
                <w>wird</w>
                <pc>.</pc>
            </p>
            <p>
                <w>Fußnoten</w>
                <seg type="ws"/>
                <w>sind</w>
                <seg type="ws"/>
                <w>gemein</w>
                <seg type="ws"/>
                <w>und</w>
                <seg type="ws"/>
                <w>sollen</w>
                <seg type="ws"/>
                <w>nicht</w>
                <note place="below" mode="ignore">Wirklich nicht!!</note>
                <seg type="ws"/>
                <w>tokenisiert</w>
                <seg type="ws"/>
                <w>w</w>
                <hi mode="inline">
                    <w>er</w>
                </hi>
                <w>den</w>
                <pc>.</pc>
            </p>
        </body>
    </text>
</TEI>