<?xml version="1.0" encoding="UTF-8"?>
<!--2015-10-06T14:48:39.639+02:00--><?xml-model href="http://www.tei-c.org/release/xml/tei/custom/schema/relaxng/tei_all.rng" type="application/xml" schematypens="http://relaxng.org/ns/structure/1.0"?><?xml-model href="http://www.tei-c.org/release/xml/tei/custom/schema/relaxng/tei_all.rng" type="application/xml"
	schematypens="http://purl.oclc.org/dsdl/schematron"?>
<TEI xmlns="http://www.tei-c.org/ns/1.0">
    <teiHeader>
        <fileDesc>
            <titleStmt>
                <title>Title</title>
            </titleStmt>
            <publicationStmt>
                <p>Publication Information</p>
            </publicationStmt>
            <sourceDesc>
                <p>Information about the source</p>
            </sourceDesc>
        </fileDesc>
    </teiHeader>
    <text>
        <body>
            <head>
                <w xml:id="d4e18">Das</w>
                <seg type="ws" xml:id="d4e20"/>
                <fw type="catch">Kustode</fw>
                <pb/>
                <fw>Kolumnentitel</fw>
                <w xml:id="d4e27">ist</w>
                <seg type="ws" xml:id="d4e29"/>
                <w xml:id="d4e31">die</w>
                <seg type="ws" xml:id="d4e33"/>
                <w xml:id="d4e35" part="I" next="#d4e38">Über</w>
                <hi>
                    <w xml:id="d4e38" part="M" prev="#d4e35" next="#d4e41">schr</w>
                </hi>
                <w xml:id="d4e41" part="F" prev="#d4e38">ift</w>
                <pc xml:id="d4e43">.</pc>
            </head>
            <p>
                <w xml:id="d4e46">Mit</w>
                <seg type="ws" xml:id="d4e48"/>
                <w xml:id="d4e50">oder</w>
                <seg type="ws" xml:id="d4e52"/>
                <w xml:id="d4e54">ohne</w>
                <seg type="ws" xml:id="d4e56"/>
                <w xml:id="d4e58" part="I" next="#d4e61">Zeilen</w>
                <lb type="s" break="no"/>
                <w xml:id="d4e61" part="F" prev="#d4e58">umbrüchen</w>
            </p>
            <p>
                <w xml:id="d4e64">Ein</w>
                <seg type="ws" xml:id="d4e66"/>
                <hi>
                    <w xml:id="d4e69">kleiner</w>
                    <seg type="ws" xml:id="d4e71"/>
                </hi>
                <w xml:id="d4e73">Absatz</w>
                <pc xml:id="d4e75">.</pc>
            </p>
            <p>
                <w xml:id="d4e78">Some</w>
                <seg type="ws" xml:id="d4e80"/>
                <lb/>
                <w xml:id="d4e83">quite</w>
                <lb/>
                <w xml:id="d4e86">longtext</w>
                <lb/>
                <w xml:id="d4e89">here</w>
                <pc xml:id="d4e91">.</pc>
            </p>
            <p>
                <w xml:id="d4e94">Hier</w>
                <seg type="ws" xml:id="d4e96"/>
                <w xml:id="d4e98">ein</w>
                <seg type="ws" xml:id="d4e100"/>
                <w xml:id="d4e102">paar</w>
                <seg type="ws" xml:id="d4e104"/>
                <w xml:id="d4e106" part="I" next="#d4e109">in</w>
                <hi>
                    <w xml:id="d4e109" part="M" prev="#d4e106" next="#d4e111">li</w>
                </hi>
                <w xml:id="d4e111" part="M" prev="#d4e109" next="#d4e114">ne-</w>
                <seg>
                    <w xml:id="d4e114" part="F" prev="#d4e111">Elemente</w>
                </seg>
                <pc xml:id="d4e116">.</pc>
            </p>
            <p>
                <hi>
                    <w xml:id="d4e120" part="I" next="#d4e122">ACDH</w>
                </hi>
                <w xml:id="d4e122" part="M" prev="#d4e120" next="#d4e126">-</w>
                <hi>
                    <hi>
                        <w xml:id="d4e126" part="M" prev="#d4e122" next="#d4e128">O</w>
                    </hi>
                    <w xml:id="d4e128" part="F" prev="#d4e126">EAW</w>
                </hi>
            </p>
            <p>
                <w xml:id="d4e131">Und</w>
                <seg type="ws" xml:id="d4e133"/>
                <hi>
                    <w xml:id="d4e136">kleine</w>
                    <seg type="ws" xml:id="d4e138"/>
                    <w xml:id="d4e140">Abkürzungen</w>
                </hi>
                <pc xml:id="d4e142">:</pc>
                <seg type="ws" xml:id="d4e144"/>
                <w xml:id="d4e146">Am</w>
                <seg type="ws" xml:id="d4e148"/>
                <hi>
                    <w xml:id="d4e151" part="I" next="#d4e153">Haupt</w>
                </hi>
                <w xml:id="d4e153" part="M" prev="#d4e151" next="#d4e155">bhf</w>
                <pc xml:id="d4e155" part="F" prev="#d4e153">.</pc>
                <seg type="ws" xml:id="d4e157"/>
                <w xml:id="d4e160">fährt</w>
                <seg type="ws" xml:id="d4e162"/>
                <hi>
                    <w xml:id="d4e165">man</w>
                </hi>
                <seg type="ws" xml:id="d4e167"/>
                <w xml:id="d4e169">von</w>
                <seg type="ws" xml:id="d4e171"/>
                <hi>
                    <w xml:id="d4e174" part="I" next="#d4e176">O-</w>
                </hi>
                <w xml:id="d4e176" part="F" prev="#d4e174">W</w>
                <pc xml:id="d4e178">.</pc>
            </p>
            <p>
                <w xml:id="d4e181">Und</w>
                <seg type="ws" xml:id="d4e183"/>
                <w xml:id="d4e185">da</w>
                <seg type="ws" xml:id="d4e187"/>
                <w xml:id="d4e189">noch</w>
                <seg type="ws" xml:id="d4e191"/>
                <w xml:id="d4e193">einer</w>
                <pc xml:id="d4e195">,</pc>
                <seg type="ws" xml:id="d4e197"/>
                <lb/>
                <w xml:id="d4e200">der</w>
                <seg type="ws" xml:id="d4e203"/>
                <w xml:id="d4e205">von</w>
                <seg type="ws" xml:id="d4e207"/>
                <w xml:id="d4e209">einer</w>
                <seg type="ws" xml:id="d4e211"/>
                <lb/>
                <w xml:id="d4e214" part="I" next="#d4e257">Gra</w>
                <lb break="no"/>
                <figure>
                    <p>
                        <w xml:id="d4e219">Das</w>
                        <seg type="ws" xml:id="d4e221"/>
                        <w xml:id="d4e223">ist</w>
                        <seg type="ws" xml:id="d4e225"/>
                        <w xml:id="d4e227">ein</w>
                        <seg type="ws" xml:id="d4e229"/>
                        <w xml:id="d4e231" part="I" next="#d4e234">Text</w>
                        <lb break="no"/>
                        <w xml:id="d4e234" part="F" prev="#d4e231">baustein</w>
                        <pc xml:id="d4e236">,</pc>
                        <seg type="ws" xml:id="d4e238"/>
                        <w xml:id="d4e241">der</w>
                        <seg type="ws" xml:id="d4e243"/>
                        <w xml:id="d4e245">tokenisiert</w>
                        <seg type="ws" xml:id="d4e247"/>
                        <w xml:id="d4e249">werden</w>
                        <seg type="ws" xml:id="d4e251"/>
                        <w xml:id="d4e253">soll</w>
                        <pc xml:id="d4e255">.</pc>
                    </p>
                </figure>
                <w xml:id="d4e257" part="F" prev="#d4e214">fik</w>
                <seg type="ws" xml:id="d4e259"/>
                <w xml:id="d4e262">unterbrochen</w>
                <seg type="ws" xml:id="d4e264"/>
                <w xml:id="d4e266">wird</w>
                <pc xml:id="d4e268">.</pc>
            </p>
            <p>
                <w xml:id="d4e271">Fußnoten</w>
                <seg type="ws" xml:id="d4e273"/>
                <w xml:id="d4e275">sind</w>
                <seg type="ws" xml:id="d4e277"/>
                <w xml:id="d4e279">gemein</w>
                <seg type="ws" xml:id="d4e281"/>
                <w xml:id="d4e283">und</w>
                <seg type="ws" xml:id="d4e285"/>
                <w xml:id="d4e287">sollen</w>
                <seg type="ws" xml:id="d4e289"/>
                <w xml:id="d4e291">nicht</w>
                <note place="below">Wirklich nicht!!</note>
                <seg type="ws" xml:id="d4e296"/>
                <w xml:id="d4e298">tokenisiert</w>
                <seg type="ws" xml:id="d4e300"/>
                <w xml:id="d4e302" part="I" next="#d4e305">w</w>
                <hi>
                    <w xml:id="d4e305" part="M" prev="#d4e302" next="#d4e307">er</w>
                </hi>
                <w xml:id="d4e307" part="F" prev="#d4e305">den</w>
                <pc xml:id="d4e309">.</pc>
            </p>
        </body>
    </text>
</TEI>