<?xml version="1.0" encoding="UTF-8"?>
<?xml-model href="http://www.tei-c.org/release/xml/tei/custom/schema/relaxng/tei_all.rng" type="application/xml" schematypens="http://relaxng.org/ns/structure/1.0"?><?xml-model href="http://www.tei-c.org/release/xml/tei/custom/schema/relaxng/tei_all.rng" type="application/xml"
	schematypens="http://purl.oclc.org/dsdl/schematron"?>
<TEI xmlns="http://www.tei-c.org/ns/1.0">
    <teiHeader>
        <fileDesc>
            <titleStmt>
                <title>Title</title>
            </titleStmt>
            <publicationStmt>
                <p>Publication Information</p>
            </publicationStmt>
            <sourceDesc>
                <p>Information about the source</p>
            </sourceDesc>
        </fileDesc>
    </teiHeader>
    <text>
        <body>
            <head>Das <fw type="catch">Kustode</fw>
                <pb/>
                <fw>Kolumnentitel</fw>ist die Über<hi>schr</hi>ift.</head>
            <p>Mit oder ohne Zeilen<lb type="s" break="no"/>umbrüchen</p>
            <p>Ein <hi>kleiner </hi>Absatz.</p>
            <p>Some <lb/>quite<lb/>longtext<lb/>here.</p>
            <p>Hier ein paar in<hi>li</hi>ne-<seg>Elemente</seg>.</p>
            <p>
                <hi>ACDH</hi>-<hi>
                    <hi>O</hi>EAW</hi>
            </p>
            <p>Und <hi>kleine Abkürzungen</hi>: Am <hi>Haupt</hi>bhf. fährt <hi>man</hi> von <hi>O-</hi>W.</p>
            <p>Und da noch einer, <lb/>der von einer <lb/>Gra<lb break="no"/>
                <figure>
                    <p>Das ist ein Text<lb break="no"/>baustein, der tokenisiert werden soll.</p>
                </figure>fik unterbrochen wird.</p>
            <p>Fußnoten sind gemein und sollen nicht<note place="below">Wirklich nicht!!</note> tokenisiert w<hi>er</hi>den.</p>
        </body>
    </text>
</TEI>